<?xml version="1.0" encoding="UTF-8"?>
<testng-results skipped="0" failed="0" ignored="0" total="1" passed="1">
  <reporter-output>
  </reporter-output>
  <suite name="Default suite" duration-ms="18746" started-at="2018-05-21T18:01:13Z" finished-at="2018-05-21T18:01:32Z">
    <groups>
    </groups>
    <test name="Default test" duration-ms="18746" started-at="2018-05-21T18:01:13Z" finished-at="2018-05-21T18:01:32Z">
      <class name="hrm.com.qa.tests.LoginTest">
        <test-method status="PASS" signature="Setup()[pri:0, instance:hrm.com.qa.tests.LoginTest@d80b78]" name="Setup" is-config="true" duration-ms="11435" started-at="2018-05-21T18:01:14Z" finished-at="2018-05-21T18:01:25Z">
          <reporter-output>
          </reporter-output>
        </test-method> <!-- Setup -->
        <test-method status="PASS" signature="fnLogin()[pri:0, instance:hrm.com.qa.tests.LoginTest@d80b78]" name="fnLogin" duration-ms="6642" started-at="2018-05-21T18:01:25Z" finished-at="2018-05-21T18:01:32Z">
          <reporter-output>
          </reporter-output>
        </test-method> <!-- fnLogin -->
        <test-method status="PASS" signature="TearDown()[pri:0, instance:hrm.com.qa.tests.LoginTest@d80b78]" name="TearDown" is-config="true" duration-ms="618" started-at="2018-05-21T18:01:32Z" finished-at="2018-05-21T18:01:32Z">
          <reporter-output>
          </reporter-output>
        </test-method> <!-- TearDown -->
      </class> <!-- hrm.com.qa.tests.LoginTest -->
    </test> <!-- Default test -->
  </suite> <!-- Default suite -->
</testng-results>
